<?xml version="1.0" encoding="UTF-8"?>
<!-- Generated by org.testng.reporters.JUnitReportReporter -->
<testsuite hostname="PANKAJ-DELL" name="auto.qa.test.JupiterTest" tests="4" failures="0" timestamp="24 Nov 2020 21:41:09 GMT" time="77.087" errors="0">
  <testcase name="fnTest3" time="13.838" classname="auto.qa.test.JupiterTest"/>
  <testcase name="fnTest2" time="17.002" classname="auto.qa.test.JupiterTest"/>
  <testcase name="fnTest4" time="15.764" classname="auto.qa.test.JupiterTest"/>
  <testcase name="fnTest1" time="30.483" classname="auto.qa.test.JupiterTest"/>
</testsuite> <!-- auto.qa.test.JupiterTest -->
