<?xml version="1.0" encoding="UTF-8"?>
<!-- Generated by org.testng.reporters.JUnitReportReporter -->
<testsuite name="auto.qa.test.JupiterTest" tests="3" time="68.652" ignored="0" failures="0" timestamp="24 Nov 2020 21:08:51 GMT" skipped="0" hostname="PANKAJ-DELL" errors="0">
  <testcase name="fnTest1" time="30.517" classname="auto.qa.test.JupiterTest"/>
  <testcase name="fnTest2" time="24.385" classname="auto.qa.test.JupiterTest"/>
  <testcase name="fnTest3" time="13.750" classname="auto.qa.test.JupiterTest"/>
</testsuite> <!-- auto.qa.test.JupiterTest -->
